c:\users\josel\desarrollo\c++\avocadoboy\cgbemu\x64\debug\vc143.pdb
c:\users\josel\desarrollo\c++\avocadoboy\cgbemu\x64\debug\vc143.idb
c:\users\josel\desarrollo\c++\avocadoboy\cgbemu\x64\debug\timers.obj
c:\users\josel\desarrollo\c++\avocadoboy\cgbemu\x64\debug\mmu.obj
c:\users\josel\desarrollo\c++\avocadoboy\cgbemu\x64\debug\main.obj
c:\users\josel\desarrollo\c++\avocadoboy\cgbemu\x64\debug\joypad.obj
c:\users\josel\desarrollo\c++\avocadoboy\cgbemu\x64\debug\interrupts.obj
c:\users\josel\desarrollo\c++\avocadoboy\cgbemu\x64\debug\imgui_widgets.obj
c:\users\josel\desarrollo\c++\avocadoboy\cgbemu\x64\debug\imgui_tables.obj
c:\users\josel\desarrollo\c++\avocadoboy\cgbemu\x64\debug\imgui_impl_win32.obj
c:\users\josel\desarrollo\c++\avocadoboy\cgbemu\x64\debug\imgui_impl_sdlrenderer2.obj
c:\users\josel\desarrollo\c++\avocadoboy\cgbemu\x64\debug\imgui_impl_sdl2.obj
c:\users\josel\desarrollo\c++\avocadoboy\cgbemu\x64\debug\imgui_draw.obj
c:\users\josel\desarrollo\c++\avocadoboy\cgbemu\x64\debug\imgui_demo.obj
c:\users\josel\desarrollo\c++\avocadoboy\cgbemu\x64\debug\imgui.obj
c:\users\josel\desarrollo\c++\avocadoboy\cgbemu\x64\debug\gui.obj
c:\users\josel\desarrollo\c++\avocadoboy\cgbemu\x64\debug\gpu.obj
c:\users\josel\desarrollo\c++\avocadoboy\cgbemu\x64\debug\cpu.obj
c:\users\josel\desarrollo\c++\avocadoboy\x64\debug\cgbemu.exe
c:\users\josel\desarrollo\c++\avocadoboy\x64\debug\cgbemu.pdb
c:\users\josel\desarrollo\c++\avocadoboy\cgbemu\x64\debug\cgbemu.res
c:\users\josel\desarrollo\c++\avocadoboy\cgbemu\x64\debug\cgbemu.ilk
c:\users\josel\desarrollo\c++\avocadoboy\cgbemu\x64\debug\cgbemu.tlog\cl.command.1.tlog
c:\users\josel\desarrollo\c++\avocadoboy\cgbemu\x64\debug\cgbemu.tlog\cl.items.tlog
c:\users\josel\desarrollo\c++\avocadoboy\cgbemu\x64\debug\cgbemu.tlog\cl.read.1.tlog
c:\users\josel\desarrollo\c++\avocadoboy\cgbemu\x64\debug\cgbemu.tlog\cl.write.1.tlog
c:\users\josel\desarrollo\c++\avocadoboy\cgbemu\x64\debug\cgbemu.tlog\link.command.1.tlog
c:\users\josel\desarrollo\c++\avocadoboy\cgbemu\x64\debug\cgbemu.tlog\link.read.1.tlog
c:\users\josel\desarrollo\c++\avocadoboy\cgbemu\x64\debug\cgbemu.tlog\link.secondary.1.tlog
c:\users\josel\desarrollo\c++\avocadoboy\cgbemu\x64\debug\cgbemu.tlog\link.write.1.tlog
c:\users\josel\desarrollo\c++\avocadoboy\cgbemu\x64\debug\cgbemu.tlog\rc.command.1.tlog
c:\users\josel\desarrollo\c++\avocadoboy\cgbemu\x64\debug\cgbemu.tlog\rc.read.1.tlog
c:\users\josel\desarrollo\c++\avocadoboy\cgbemu\x64\debug\cgbemu.tlog\rc.write.1.tlog
